<?xml version="1.0" encoding="UTF-8"?>
<testsuite name="com.bookstore.domain.usecase.order.CancelOrderUseCaseTest" tests="5" skipped="0" failures="0" errors="0" timestamp="2026-09-24T13:33:52.210Z" hostname="Anikets-MacBook-Pro.local" time="0.009">
  <properties/>
  <testcase name="cancel already cancelled order fails" classname="com.bookstore.domain.usecase.order.CancelOrderUseCaseTest" time="0.001"/>
  <testcase name="cancel order at exactly 48h boundary fails" classname="com.bookstore.domain.usecase.order.CancelOrderUseCaseTest" time="0.002"/>
  <testcase name="cancel non-existent order fails" classname="com.bookstore.domain.usecase.order.CancelOrderUseCaseTest" time="0.001"/>
  <testcase name="cancel order after 48 hours fails" classname="com.bookstore.domain.usecase.order.CancelOrderUseCaseTest" time="0.002"/>
  <testcase name="cancel order within 48 hours succeeds" classname="com.bookstore.domain.usecase.order.CancelOrderUseCaseTest" time="0.003"/>
  <system-out><![CDATA[]]></system-out>
  <system-err><![CDATA[]]></system-err>
</testsuite>
